<?xml version="1.0" encoding="UTF-8"?>
<testng-results ignored="0" total="9" passed="8" failed="1" skipped="0">
  <reporter-output>
  </reporter-output>
  <suite started-at="2023-09-04T09:59:39 IST" name="Default suite" finished-at="2023-09-04T10:06:55 IST" duration-ms="435434">
    <groups>
    </groups>
    <test started-at="2023-09-04T09:59:39 IST" name="Default test" finished-at="2023-09-04T10:06:55 IST" duration-ms="435434">
      <class name="testcase.TC02">
        <test-method is-config="true" signature="BeforeMethod()[pri:0, instance:testcase.TC02@43bc63a3]" started-at="2023-09-04T09:59:40 IST" name="BeforeMethod" finished-at="2023-09-04T10:00:03 IST" duration-ms="23309" status="PASS">
          <reporter-output>
          </reporter-output>
        </test-method> <!-- BeforeMethod -->
        <test-method signature="check()[pri:0, instance:testcase.TC02@43bc63a3]" started-at="2023-09-04T10:00:03 IST" name="check" finished-at="2023-09-04T10:00:03 IST" duration-ms="25" status="PASS">
          <reporter-output>
          </reporter-output>
        </test-method> <!-- check -->
        <test-method is-config="true" signature="BeforeMethod()[pri:0, instance:testcase.TC02@43bc63a3]" started-at="2023-09-04T10:00:03 IST" name="BeforeMethod" finished-at="2023-09-04T10:00:24 IST" duration-ms="20905" status="PASS">
          <reporter-output>
          </reporter-output>
        </test-method> <!-- BeforeMethod -->
        <test-method signature="verifyGetWindowHandle()[pri:0, instance:testcase.TC02@43bc63a3]" started-at="2023-09-04T10:00:24 IST" name="verifyGetWindowHandle" finished-at="2023-09-04T10:01:07 IST" duration-ms="42844" status="PASS">
          <reporter-output>
          </reporter-output>
        </test-method> <!-- verifyGetWindowHandle -->
        <test-method is-config="true" signature="BeforeMethod()[pri:0, instance:testcase.TC02@43bc63a3]" started-at="2023-09-04T10:01:07 IST" name="BeforeMethod" finished-at="2023-09-04T10:01:27 IST" duration-ms="20700" status="PASS">
          <reporter-output>
          </reporter-output>
        </test-method> <!-- BeforeMethod -->
        <test-method signature="verifyLoginWithValidCredential()[pri:0, instance:testcase.TC02@43bc63a3]" started-at="2023-09-04T10:01:27 IST" name="verifyLoginWithValidCredential" finished-at="2023-09-04T10:01:50 IST" duration-ms="22290" status="PASS">
          <reporter-output>
          </reporter-output>
        </test-method> <!-- verifyLoginWithValidCredential -->
        <test-method is-config="true" signature="BeforeMethod()[pri:0, instance:testcase.TC02@43bc63a3]" started-at="2023-09-04T10:01:50 IST" name="BeforeMethod" finished-at="2023-09-04T10:02:15 IST" duration-ms="24711" status="PASS">
          <reporter-output>
          </reporter-output>
        </test-method> <!-- BeforeMethod -->
        <test-method signature="verifyMouseHover()[pri:0, instance:testcase.TC02@43bc63a3]" started-at="2023-09-04T10:02:15 IST" name="verifyMouseHover" finished-at="2023-09-04T10:02:16 IST" duration-ms="1100" status="PASS">
          <reporter-output>
          </reporter-output>
        </test-method> <!-- verifyMouseHover -->
        <test-method is-config="true" signature="BeforeMethod()[pri:0, instance:testcase.TC02@43bc63a3]" started-at="2023-09-04T10:02:16 IST" name="BeforeMethod" finished-at="2023-09-04T10:02:41 IST" duration-ms="25324" status="PASS">
          <reporter-output>
          </reporter-output>
        </test-method> <!-- BeforeMethod -->
        <test-method signature="verifyScrollDown()[pri:0, instance:testcase.TC02@43bc63a3]" started-at="2023-09-04T10:02:41 IST" name="verifyScrollDown" finished-at="2023-09-04T10:02:41 IST" duration-ms="454" status="PASS">
          <reporter-output>
          </reporter-output>
        </test-method> <!-- verifyScrollDown -->
        <test-method is-config="true" signature="BeforeMethod()[pri:0, instance:testcase.TC02@43bc63a3]" started-at="2023-09-04T10:02:41 IST" name="BeforeMethod" finished-at="2023-09-04T10:03:20 IST" duration-ms="38865" status="PASS">
          <reporter-output>
          </reporter-output>
        </test-method> <!-- BeforeMethod -->
        <test-method signature="verifyScrollDown1()[pri:0, instance:testcase.TC02@43bc63a3]" started-at="2023-09-04T10:03:20 IST" name="verifyScrollDown1" finished-at="2023-09-04T10:04:04 IST" duration-ms="43769" status="FAIL">
          <exception class="org.openqa.selenium.TimeoutException">
            <message>
              <![CDATA[timeout: Timed out receiving message from renderer: 20.000
  (Session info: chrome=116.0.5845.141)
Build info: version: '4.4.0', revision: 'e5c75ed026a'
System info: host: 'DESKTOP-SQFACBJ', ip: '192.168.43.83', os.name: 'Windows 10', os.arch: 'amd64', os.version: '10.0', java.version: '20.0.1'
Driver info: org.openqa.selenium.chrome.ChromeDriver
Command: [029a1459614cf5b641bb1abcf9a55fab, clickElement {id=89D5C857AF76F703BEB35BEC448096A5_element_104}]
Capabilities {acceptInsecureCerts: false, browserName: chrome, browserVersion: 116.0.5845.141, chrome: {chromedriverVersion: 116.0.5845.96 (1a3918166880..., userDataDir: C:\Users\revur\AppData\Loca...}, fedcm:accounts: true, goog:chromeOptions: {debuggerAddress: localhost:51572}, networkConnectionEnabled: false, pageLoadStrategy: normal, platformName: WINDOWS, proxy: Proxy(), se:cdp: ws://localhost:51572/devtoo..., se:cdpVersion: 116.0.5845.141, setWindowRect: true, strictFileInteractability: false, timeouts: {implicit: 0, pageLoad: 300000, script: 30000}, unhandledPromptBehavior: dismiss and notify, webauthn:extension:credBlob: true, webauthn:extension:largeBlob: true, webauthn:extension:minPinLength: true, webauthn:extension:prf: true, webauthn:virtualAuthenticators: true}
Element: [[ChromeDriver: chrome on WINDOWS (029a1459614cf5b641bb1abcf9a55fab)] -> xpath: //img[@alt='Youtube']]
Session ID: 029a1459614cf5b641bb1abcf9a55fab]]>
            </message>
            <full-stacktrace>
              <![CDATA[org.openqa.selenium.TimeoutException: timeout: Timed out receiving message from renderer: 20.000
  (Session info: chrome=116.0.5845.141)
Build info: version: '4.4.0', revision: 'e5c75ed026a'
System info: host: 'DESKTOP-SQFACBJ', ip: '192.168.43.83', os.name: 'Windows 10', os.arch: 'amd64', os.version: '10.0', java.version: '20.0.1'
Driver info: org.openqa.selenium.chrome.ChromeDriver
Command: [029a1459614cf5b641bb1abcf9a55fab, clickElement {id=89D5C857AF76F703BEB35BEC448096A5_element_104}]
Capabilities {acceptInsecureCerts: false, browserName: chrome, browserVersion: 116.0.5845.141, chrome: {chromedriverVersion: 116.0.5845.96 (1a3918166880..., userDataDir: C:\Users\revur\AppData\Loca...}, fedcm:accounts: true, goog:chromeOptions: {debuggerAddress: localhost:51572}, networkConnectionEnabled: false, pageLoadStrategy: normal, platformName: WINDOWS, proxy: Proxy(), se:cdp: ws://localhost:51572/devtoo..., se:cdpVersion: 116.0.5845.141, setWindowRect: true, strictFileInteractability: false, timeouts: {implicit: 0, pageLoad: 300000, script: 30000}, unhandledPromptBehavior: dismiss and notify, webauthn:extension:credBlob: true, webauthn:extension:largeBlob: true, webauthn:extension:minPinLength: true, webauthn:extension:prf: true, webauthn:virtualAuthenticators: true}
Element: [[ChromeDriver: chrome on WINDOWS (029a1459614cf5b641bb1abcf9a55fab)] -> xpath: //img[@alt='Youtube']]
Session ID: 029a1459614cf5b641bb1abcf9a55fab
at java.base/jdk.internal.reflect.DirectConstructorHandleAccessor.newInstance(DirectConstructorHandleAccessor.java:67)
at java.base/java.lang.reflect.Constructor.newInstanceWithCaller(Constructor.java:500)
at java.base/java.lang.reflect.Constructor.newInstance(Constructor.java:484)
at org.openqa.selenium.remote.codec.w3c.W3CHttpResponseCodec.createException(W3CHttpResponseCodec.java:200)
at org.openqa.selenium.remote.codec.w3c.W3CHttpResponseCodec.decode(W3CHttpResponseCodec.java:133)
at org.openqa.selenium.remote.codec.w3c.W3CHttpResponseCodec.decode(W3CHttpResponseCodec.java:53)
at org.openqa.selenium.remote.HttpCommandExecutor.execute(HttpCommandExecutor.java:184)
at org.openqa.selenium.remote.service.DriverCommandExecutor.invokeExecute(DriverCommandExecutor.java:167)
at org.openqa.selenium.remote.service.DriverCommandExecutor.execute(DriverCommandExecutor.java:142)
at org.openqa.selenium.remote.RemoteWebDriver.execute(RemoteWebDriver.java:547)
at org.openqa.selenium.remote.RemoteWebElement.execute(RemoteWebElement.java:257)
at org.openqa.selenium.remote.RemoteWebElement.click(RemoteWebElement.java:78)
at java.base/jdk.internal.reflect.DirectMethodHandleAccessor.invoke(DirectMethodHandleAccessor.java:104)
at java.base/java.lang.reflect.Method.invoke(Method.java:578)
at org.openqa.selenium.support.pagefactory.internal.LocatingElementHandler.invoke(LocatingElementHandler.java:52)
at jdk.proxy2/jdk.proxy2.$Proxy15.click(Unknown Source)
at pages.MyAccountpage.scrollDownMethod(MyAccountpage.java:83)
at testcase.TC02.verifyScrollDown1(TC02.java:85)
at java.base/jdk.internal.reflect.DirectMethodHandleAccessor.invoke(DirectMethodHandleAccessor.java:104)
at java.base/java.lang.reflect.Method.invoke(Method.java:578)
at org.testng.internal.invokers.MethodInvocationHelper.invokeMethod(MethodInvocationHelper.java:139)
at org.testng.internal.invokers.TestInvoker.invokeMethod(TestInvoker.java:677)
at org.testng.internal.invokers.TestInvoker.invokeTestMethod(TestInvoker.java:221)
at org.testng.internal.invokers.MethodRunner.runInSequence(MethodRunner.java:50)
at org.testng.internal.invokers.TestInvoker$MethodInvocationAgent.invoke(TestInvoker.java:969)
at org.testng.internal.invokers.TestInvoker.invokeTestMethods(TestInvoker.java:194)
at org.testng.internal.invokers.TestMethodWorker.invokeTestMethods(TestMethodWorker.java:148)
at org.testng.internal.invokers.TestMethodWorker.run(TestMethodWorker.java:128)
at java.base/java.util.ArrayList.forEach(ArrayList.java:1511)
at org.testng.TestRunner.privateRun(TestRunner.java:829)
at org.testng.TestRunner.run(TestRunner.java:602)
at org.testng.SuiteRunner.runTest(SuiteRunner.java:437)
at org.testng.SuiteRunner.runSequentially(SuiteRunner.java:431)
at org.testng.SuiteRunner.privateRun(SuiteRunner.java:391)
at org.testng.SuiteRunner.run(SuiteRunner.java:330)
at org.testng.SuiteRunnerWorker.runSuite(SuiteRunnerWorker.java:52)
at org.testng.SuiteRunnerWorker.run(SuiteRunnerWorker.java:95)
at org.testng.TestNG.runSuitesSequentially(TestNG.java:1256)
at org.testng.TestNG.runSuitesLocally(TestNG.java:1176)
at org.testng.TestNG.runSuites(TestNG.java:1099)
at org.testng.TestNG.run(TestNG.java:1067)
at org.testng.remote.AbstractRemoteTestNG.run(AbstractRemoteTestNG.java:115)
at org.testng.remote.RemoteTestNG.initAndRun(RemoteTestNG.java:251)
at org.testng.remote.RemoteTestNG.main(RemoteTestNG.java:77)
]]>
            </full-stacktrace>
          </exception> <!-- org.openqa.selenium.TimeoutException -->
          <reporter-output>
          </reporter-output>
        </test-method> <!-- verifyScrollDown1 -->
        <test-method is-config="true" signature="BeforeMethod()[pri:0, instance:testcase.TC02@43bc63a3]" started-at="2023-09-04T10:04:04 IST" name="BeforeMethod" finished-at="2023-09-04T10:05:04 IST" duration-ms="60109" status="PASS">
          <reporter-output>
          </reporter-output>
        </test-method> <!-- BeforeMethod -->
        <test-method signature="verifyScrollUP()[pri:0, instance:testcase.TC02@43bc63a3]" started-at="2023-09-04T10:05:04 IST" name="verifyScrollUP" finished-at="2023-09-04T10:05:05 IST" duration-ms="91" status="PASS">
          <reporter-output>
          </reporter-output>
        </test-method> <!-- verifyScrollUP -->
        <test-method is-config="true" signature="BeforeMethod()[pri:0, instance:testcase.TC02@43bc63a3]" started-at="2023-09-04T10:05:05 IST" name="BeforeMethod" finished-at="2023-09-04T10:06:11 IST" duration-ms="66411" status="PASS">
          <reporter-output>
          </reporter-output>
        </test-method> <!-- BeforeMethod -->
        <test-method signature="verifySearchBar()[pri:0, instance:testcase.TC02@43bc63a3]" started-at="2023-09-04T10:06:11 IST" name="verifySearchBar" finished-at="2023-09-04T10:06:18 IST" duration-ms="7172" status="PASS">
          <reporter-output>
          </reporter-output>
        </test-method> <!-- verifySearchBar -->
        <test-method is-config="true" signature="BeforeMethod()[pri:0, instance:testcase.TC02@43bc63a3]" started-at="2023-09-04T10:06:18 IST" name="BeforeMethod" finished-at="2023-09-04T10:06:46 IST" duration-ms="27610" status="PASS">
          <reporter-output>
          </reporter-output>
        </test-method> <!-- BeforeMethod -->
        <test-method signature="verifyclickone()[pri:0, instance:testcase.TC02@43bc63a3]" started-at="2023-09-04T10:06:46 IST" name="verifyclickone" finished-at="2023-09-04T10:06:55 IST" duration-ms="9082" status="PASS">
          <reporter-output>
          </reporter-output>
        </test-method> <!-- verifyclickone -->
      </class> <!-- testcase.TC02 -->
    </test> <!-- Default test -->
  </suite> <!-- Default suite -->
</testng-results>
